Warning: Equate pins:  cell sky130_fd_pr__res_xhigh_po is a placeholder, treated as a black box.
Warning: Equate pins:  cell sky130_fd_pr__res_xhigh_po is a placeholder, treated as a black box.

Subcircuit pins:
Circuit 1: sky130_fd_pr__res_xhigh_po      |Circuit 2: sky130_fd_pr__res_xhigh_po      
-------------------------------------------|-------------------------------------------
1                                          |1                                          
2                                          |2                                          
3                                          |3                                          
---------------------------------------------------------------------------------------
Cell pin lists are equivalent.
Device classes sky130_fd_pr__res_xhigh_po and sky130_fd_pr__res_xhigh_po are equivalent.
Warning: Equate pins:  cell sky130_fd_pr__nfet_01v8_lvt is a placeholder, treated as a black box.
Warning: Equate pins:  cell sky130_fd_pr__nfet_01v8_lvt is a placeholder, treated as a black box.

Subcircuit pins:
Circuit 1: sky130_fd_pr__nfet_01v8_lvt     |Circuit 2: sky130_fd_pr__nfet_01v8_lvt     
-------------------------------------------|-------------------------------------------
1                                          |1                                          
2                                          |2                                          
3                                          |3                                          
4                                          |4                                          
---------------------------------------------------------------------------------------
Cell pin lists are equivalent.
Device classes sky130_fd_pr__nfet_01v8_lvt and sky130_fd_pr__nfet_01v8_lvt are equivalent.

Class Diff_LNA_LVS_1 (0):  Merged 6 series devices.
Class Diff_LNA_LVS_1 (1):  Merged 6 series devices.
Subcircuit summary:
Circuit 1: Diff_LNA_LVS_1                  |Circuit 2: Diff_LNA_LVS_1                  
-------------------------------------------|-------------------------------------------
sky130_fd_pr__nfet_01v8_lvt (48->6)        |sky130_fd_pr__nfet_01v8_lvt (48->6)        
sky130_fd_pr__res_xhigh_po (8->2)          |sky130_fd_pr__res_xhigh_po (8->2)          
sky130_fd_pr__res_generic_m3 (2)           |sky130_fd_pr__res_generic_m3 (2)           
sky130_fd_pr__res_generic_po (1)           |sky130_fd_pr__res_generic_po (1)           
Number of devices: 11                      |Number of devices: 11                      
Number of nets: 10                         |Number of nets: 10                         
---------------------------------------------------------------------------------------
Resolving automorphisms by property value.
Resolving automorphisms by pin name.
Netlists match uniquely.
Circuits match correctly.

Subcircuit pins:
Circuit 1: Diff_LNA_LVS_1                  |Circuit 2: Diff_LNA_LVS_1                  
-------------------------------------------|-------------------------------------------
IN2                                        |IN2                                        
IN1                                        |IN1                                        
VDD                                        |VDD                                        
OUT2                                       |OUT2                                       
OUT1                                       |OUT1                                       
Ground                                     |Ground                                     
---------------------------------------------------------------------------------------
Cell pin lists are equivalent.
Device classes Diff_LNA_LVS_1 and Diff_LNA_LVS_1 are equivalent.
Circuits match uniquely.
