Warning: Equate pins:  cell sky130_fd_pr__nfet_01v8 is a placeholder, treated as a black box.
Warning: Equate pins:  cell sky130_fd_pr__nfet_01v8 is a placeholder, treated as a black box.

Subcircuit pins:
Circuit 1: sky130_fd_pr__nfet_01v8         |Circuit 2: sky130_fd_pr__nfet_01v8         
-------------------------------------------|-------------------------------------------
1                                          |1                                          
2                                          |2                                          
3                                          |3                                          
4                                          |4                                          
---------------------------------------------------------------------------------------
Cell pin lists are equivalent.
Device classes sky130_fd_pr__nfet_01v8 and sky130_fd_pr__nfet_01v8 are equivalent.
Warning: Equate pins:  cell sky130_fd_pr__pfet_01v8 is a placeholder, treated as a black box.
Warning: Equate pins:  cell sky130_fd_pr__pfet_01v8 is a placeholder, treated as a black box.

Subcircuit pins:
Circuit 1: sky130_fd_pr__pfet_01v8         |Circuit 2: sky130_fd_pr__pfet_01v8         
-------------------------------------------|-------------------------------------------
1                                          |1                                          
2                                          |2                                          
3                                          |3                                          
4                                          |4                                          
---------------------------------------------------------------------------------------
Cell pin lists are equivalent.
Device classes sky130_fd_pr__pfet_01v8 and sky130_fd_pr__pfet_01v8 are equivalent.
Flattening unmatched subcell CMOS_NOR in circuit CMOS_OR (0)(1 instance)
Flattening unmatched subcell CMOS_INV in circuit CMOS_OR (0)(1 instance)

Subcircuit summary:
Circuit 1: CMOS_OR                         |Circuit 2: OR_VP_VN                        
-------------------------------------------|-------------------------------------------
sky130_fd_pr__nfet_01v8 (3)                |sky130_fd_pr__nfet_01v8 (3)                
sky130_fd_pr__pfet_01v8 (3)                |sky130_fd_pr__pfet_01v8 (3)                
Number of devices: 6                       |Number of devices: 6                       
Number of nets: 7                          |Number of nets: 7                          
---------------------------------------------------------------------------------------
Circuits match uniquely.
Netlists match uniquely.

Subcircuit pins:
Circuit 1: CMOS_OR                         |Circuit 2: OR_VP_VN                        
-------------------------------------------|-------------------------------------------
VN                                         |VN                                         
VP                                         |VP                                         
B                                          |B                                          
A                                          |A                                          
OR                                         |OR                                         
---------------------------------------------------------------------------------------
Cell pin lists are equivalent.
Device classes CMOS_OR and OR_VP_VN are equivalent.
Circuits match uniquely.
